[2026-03-18 20:57:28.160] [cout] [critical] 
               MODEL: LaiUhlrich2022_scaled
         coordinates: 33
              forces: 0
           actuators: 0
             muscles: 0
            analyses: 0
              probes: 0
              bodies: 20
              joints: 20
         constraints: 0
             markers: 43
         controllers: 0
  contact geometries: 0
misc modelcomponents: 0
[2026-03-18 21:12:53.747] [cout] [critical] 
               MODEL: LaiUhlrich2022_scaled
         coordinates: 33
              forces: 0
           actuators: 0
             muscles: 0
            analyses: 0
              probes: 0
              bodies: 20
              joints: 20
         constraints: 0
             markers: 43
         controllers: 0
  contact geometries: 0
misc modelcomponents: 0
[2026-03-18 21:24:11.283] [cout] [critical] 
               MODEL: LaiUhlrich2022_scaled
         coordinates: 33
              forces: 0
           actuators: 0
             muscles: 0
            analyses: 0
              probes: 0
              bodies: 20
              joints: 20
         constraints: 0
             markers: 43
         controllers: 0
  contact geometries: 0
misc modelcomponents: 0
[2026-03-19 15:35:54.909] [cout] [critical] 
               MODEL: LaiUhlrich2022_scaled
         coordinates: 33
              forces: 0
           actuators: 0
             muscles: 0
            analyses: 0
              probes: 0
              bodies: 20
              joints: 20
         constraints: 0
             markers: 43
         controllers: 0
  contact geometries: 0
misc modelcomponents: 0
[2026-03-19 16:08:09.187] [cout] [critical] 
               MODEL: LaiUhlrich2022_scaled
         coordinates: 33
              forces: 0
           actuators: 0
             muscles: 0
            analyses: 0
              probes: 0
              bodies: 20
              joints: 20
         constraints: 0
             markers: 43
         controllers: 0
  contact geometries: 0
misc modelcomponents: 0
[2026-03-19 16:08:57.886] [cout] [critical] 
               MODEL: LaiUhlrich2022_scaled
         coordinates: 33
              forces: 0
           actuators: 0
             muscles: 0
            analyses: 0
              probes: 0
              bodies: 20
              joints: 20
         constraints: 0
             markers: 43
         controllers: 0
  contact geometries: 0
misc modelcomponents: 0
[2026-03-19 16:15:26.931] [cout] [critical] 
               MODEL: LaiUhlrich2022_scaled
         coordinates: 33
              forces: 0
           actuators: 0
             muscles: 0
            analyses: 0
              probes: 0
              bodies: 20
              joints: 20
         constraints: 0
             markers: 43
         controllers: 0
  contact geometries: 0
misc modelcomponents: 0
[2026-03-19 16:19:11.138] [cout] [critical] 
               MODEL: LaiUhlrich2022_scaled
         coordinates: 33
              forces: 0
           actuators: 0
             muscles: 0
            analyses: 0
              probes: 0
              bodies: 20
              joints: 20
         constraints: 0
             markers: 43
         controllers: 0
  contact geometries: 0
misc modelcomponents: 0
[2026-03-19 16:25:22.472] [cout] [critical] 
               MODEL: LaiUhlrich2022_scaled
         coordinates: 33
              forces: 0
           actuators: 0
             muscles: 0
            analyses: 0
              probes: 0
              bodies: 20
              joints: 20
         constraints: 0
             markers: 43
         controllers: 0
  contact geometries: 0
misc modelcomponents: 0
[2026-03-19 16:38:15.030] [cout] [critical] 
               MODEL: LaiUhlrich2022_scaled
         coordinates: 33
              forces: 0
           actuators: 0
             muscles: 0
            analyses: 0
              probes: 0
              bodies: 20
              joints: 20
         constraints: 0
             markers: 43
         controllers: 0
  contact geometries: 0
misc modelcomponents: 0
[2026-03-19 16:41:51.587] [cout] [critical] 
               MODEL: LaiUhlrich2022_scaled
         coordinates: 33
              forces: 0
           actuators: 0
             muscles: 0
            analyses: 0
              probes: 0
              bodies: 20
              joints: 20
         constraints: 0
             markers: 43
         controllers: 0
  contact geometries: 0
misc modelcomponents: 0
[2026-03-19 16:48:10.434] [cout] [critical] 
               MODEL: LaiUhlrich2022_scaled
         coordinates: 33
              forces: 0
           actuators: 0
             muscles: 0
            analyses: 0
              probes: 0
              bodies: 20
              joints: 20
         constraints: 0
             markers: 43
         controllers: 0
  contact geometries: 0
misc modelcomponents: 0
[2026-03-19 17:00:43.913] [cout] [critical] 
               MODEL: LaiUhlrich2022_scaled
         coordinates: 33
              forces: 0
           actuators: 0
             muscles: 0
            analyses: 0
              probes: 0
              bodies: 20
              joints: 20
         constraints: 0
             markers: 43
         controllers: 0
  contact geometries: 0
misc modelcomponents: 0
[2026-03-19 17:07:43.194] [cout] [critical] 
               MODEL: LaiUhlrich2022_scaled
         coordinates: 33
              forces: 0
           actuators: 0
             muscles: 0
            analyses: 0
              probes: 0
              bodies: 20
              joints: 20
         constraints: 0
             markers: 43
         controllers: 0
  contact geometries: 0
misc modelcomponents: 0
[2026-03-19 21:03:58.057] [cout] [critical] 
               MODEL: LaiUhlrich2022_scaled
         coordinates: 33
              forces: 0
           actuators: 0
             muscles: 0
            analyses: 0
              probes: 0
              bodies: 20
              joints: 20
         constraints: 0
             markers: 43
         controllers: 0
  contact geometries: 0
misc modelcomponents: 0
